Traceback (most recent call last):
  File "/Users/andrewwolf/Library/Caches/pypoetry/virtualenvs/themlsbook-8peXrHpY-py3.9/lib/python3.9/site-packages/jupyter_cache/executors/utils.py", line 51, in single_nb_execution
    executenb(
  File "/Users/andrewwolf/Library/Caches/pypoetry/virtualenvs/themlsbook-8peXrHpY-py3.9/lib/python3.9/site-packages/nbclient/client.py", line 1204, in execute
    return NotebookClient(nb=nb, resources=resources, km=km, **kwargs).execute()
  File "/Users/andrewwolf/Library/Caches/pypoetry/virtualenvs/themlsbook-8peXrHpY-py3.9/lib/python3.9/site-packages/nbclient/util.py", line 84, in wrapped
    return just_run(coro(*args, **kwargs))
  File "/Users/andrewwolf/Library/Caches/pypoetry/virtualenvs/themlsbook-8peXrHpY-py3.9/lib/python3.9/site-packages/nbclient/util.py", line 62, in just_run
    return loop.run_until_complete(coro)
  File "/opt/homebrew/Cellar/python@3.9/3.9.12/Frameworks/Python.framework/Versions/3.9/lib/python3.9/asyncio/base_events.py", line 647, in run_until_complete
    return future.result()
  File "/Users/andrewwolf/Library/Caches/pypoetry/virtualenvs/themlsbook-8peXrHpY-py3.9/lib/python3.9/site-packages/nbclient/client.py", line 663, in async_execute
    await self.async_execute_cell(
  File "/Users/andrewwolf/Library/Caches/pypoetry/virtualenvs/themlsbook-8peXrHpY-py3.9/lib/python3.9/site-packages/nbclient/client.py", line 965, in async_execute_cell
    await self._check_raise_for_error(cell, cell_index, exec_reply)
  File "/Users/andrewwolf/Library/Caches/pypoetry/virtualenvs/themlsbook-8peXrHpY-py3.9/lib/python3.9/site-packages/nbclient/client.py", line 862, in _check_raise_for_error
    raise CellExecutionError.from_cell_and_msg(cell, exec_reply_content)
nbclient.exceptions.CellExecutionError: An error occurred while executing the following cell:
------------------
import pandas as pd
from sklearn.linear_model import Ridge, LinearRegression
from sklearn.preprocessing import PolynomialFeatures, scale

#Confusingly, the lambda term can be configured via the “alpha” argument when defining the class. The default value is 1.0 or a full penalty.

degree_=4
lambda_=0.5

# scale the X data to prevent numerical errors.
X_train = np.array(X_train).reshape(-1, 1)

polyX = PolynomialFeatures(degree=degree_).fit_transform(X_train)

model1 = LinearRegression().fit(polyX, y_train)
model2 = Ridge(alpha=lambda_).fit(polyX, y_train)

# print("OLS Coefs: " + str(model1.coef_[0]))
# print("Ridge Coefs: " + str(model2.coef_[0]))

print(f"Linear Coefs: {sum(model1.coef_)}")
print(f"Ridge Coefs: {sum(model2.coef_)}")

------------------

[0;31m---------------------------------------------------------------------------[0m
[0;31mNameError[0m                                 Traceback (most recent call last)
Input [0;32mIn [2][0m, in [0;36m<cell line: 11>[0;34m()[0m
[1;32m      8[0m lambda_[38;5;241m=[39m[38;5;241m0.5[39m
[1;32m     10[0m [38;5;66;03m# scale the X data to prevent numerical errors.[39;00m
[0;32m---> 11[0m X_train [38;5;241m=[39m np[38;5;241m.[39marray([43mX_train[49m)[38;5;241m.[39mreshape([38;5;241m-[39m[38;5;241m1[39m, [38;5;241m1[39m)
[1;32m     13[0m polyX [38;5;241m=[39m PolynomialFeatures(degree[38;5;241m=[39mdegree_)[38;5;241m.[39mfit_transform(X_train)
[1;32m     15[0m model1 [38;5;241m=[39m LinearRegression()[38;5;241m.[39mfit(polyX, y_train)

[0;31mNameError[0m: name 'X_train' is not defined
NameError: name 'X_train' is not defined

